############
New task from Planfix
2024-11-26 17:34:04
null
############

############
New task from Planfix
2024-11-26 19:17:59
{"1151060":""}
############

############
New task from Planfix
2024-11-27 10:44:11
null
############

############
New task from Planfix
2024-11-27 10:44:40
null
############

############
Could not get comments
2024-11-27 10:44:40

############

############
New task from Planfix
2024-11-27 10:51:24
null
############

############
Could not get comments
2024-11-27 10:51:24

############

############
New task from Planfix
2024-11-27 11:47:51
null
############

############
comments
2024-11-27 11:47:52
Array
(
    [0] => Array
        (
            [id] => 7874840
            [description] => <p>Степан, добрый вечер</p>
        )

    [1] => Array
        (
            [id] => 7874844
            [description] => <p>На связи:<br>*Александр Гуров*<br>Директор Деньги по праву (ООО АЛФ)<br>телефон +79278934877</p>
        )

    [2] => Array
        (
            [id] => 7874848
            [description] => <a href="https://d.finance10.ru/?r=you/pay&amp;lead=32522">https://d.finance10.ru/?r=you/pay&amp;lead=32522</a> <br>сумма к опла
        )

    [3] => Array
        (
            [id] => 7874852
            [description] => Вам перечислены деньги по решению суда
        )

    [4] => Array
        (
            [id] => 7874854
            [description] => Просим оплатить наши услуги <br><a href="https://d.finance10.ru/?r=you/pay&amp;lead=32522">https://d.finance10.ru/?r=you/pay&amp;lead=32522</a> <br>сумма к оплате 5 750
        )

    [5] => Array
        (
            [id] => 7874864
            [description] => <p>1. Проходите по ссылке<br>2. Выбираете банк, с которого хотите&nbsp;заплатить<br>3. Нажимаете ссылку <u>Ссылка для iOS/Android</u><br>4. Проверяете сумму, подтверждаете оплату</p>
        )

    [6] => Array
        (
            [id] => 7874872
            [description] => 👍
        )

    [7] => Array
        (
            [id] => 7874876
            [description] => Степан, когда оплатить сможете?
        )

    [8] => Array
        (
            [id] => 7874880
            [description] => В течении получаса
        )

    [9] => Array
        (
            [id] => 7874900
            [description] => Ждем
        )

    [10] => Array
        (
            [id] => 7875036
            [description] => Перевёл
        )

    [11] => Array
        (
            [id] => 7875040
            [description] => Оплата поступила. Благодарим
        )

    [12] => Array
        (
            [id] => 7875044
            [description] => Завершили
        )

    [13] => Array
        (
            [id] => 7875046
            [description] => 👌
        )

    [14] => Array
        (
            [id] => 7875050
            [description] => <p>Степан, добрый день</p>
<p>На связи:<br>*Александр Гуров*<br>Директор ООО АЛФ (Деньги по праву)<br>телефон +79278934877</p>
<p><br>Поздравляю с успешным возвратом денег!</p>
<p>Подскажите, пожалуйста, все ли Вас устроило в нашей работе? Прошу ответить только ДА или НЕТ</p>
        )

    [15] => Array
        (
            [id] => 7875062
            [description] => Да👍
        )

    [16] => Array
        (
            [id] => 7875072
            [description] => Пожалуйста, оставьте отзыв о нашей работе ВКонтакте, чтобы мы могли улучшить сервис и помочь нашим будущим клиентам <br><a href="https://vk.com/dengipopravu?ref=group_menu&amp;w=app6326142_-225087543">https://vk.com/dengipopravu?ref=group_menu&amp;w=app6326142_-225087543</a>
        )

)

############

############
New task from Planfix
2024-11-27 12:00:16
{"1151202":""}
############

############
New task from Planfix
2024-11-27 12:27:18
{"":"desc_add","139570":"number_task","1151216":"id_task"}
############

############
New task from Planfix
2024-11-27 12:27:18
Array
(
    [{"":"desc_add","139570":"number_task","1151216":"id_task"}] => 
)

############

############
New task from Planfix
2024-11-27 12:27:18
{"":"desc_add","139570":"number_task","1151216":"id_task"}
############

############
New task from Planfix
2024-11-27 12:40:45
{"":"desc_add","1151218":"id_task","139571":"number_task","Обязательно отправьте это сообщение и дождитесь ответа. Ваш номер: 102272":"desc"}
############

############
New task from Planfix
2024-11-27 12:40:45
Array
(
    [{"":"desc_add","1151218":"id_task","139571":"number_task","Обязательно_отправьте_это_сообщение_и_дождитесь_ответа__Ваш_номер:_102272":"desc"}] => 
)

############

############
New task from Planfix
2024-11-27 12:40:45
{"":"desc_add","1151218":"id_task","139571":"number_task","Обязательно отправьте это сообщение и дождитесь ответа. Ваш номер: 102272":"desc"}
############

############
New task from Planfix
2024-11-27 12:50:50
Array
(
    [number_task] => 139572
    [id_task] => 1151220
    [desc] => Обязательно отправьте это сообщение и дождитесь ответа. Ваш номер: 102272
)

############

############
New task from Planfix
2024-11-27 12:50:50
{"number_task":139572,"id_task":1151220,"desc":"Обязательно отправьте это сообщение и дождитесь ответа. Ваш номер: 102272"}
############

############
New task from Planfix
2024-11-27 12:50:50
Array
(
    [{"number_task":139572,"id_task":1151220,"desc":"Обязательно_отправьте_это_сообщение_и_дождитесь_ответа__Ваш_номер:_102272"}] => 
)

############

############
New task from Planfix
2024-11-27 12:50:50
{"number_task":139572,"id_task":1151220,"desc":"Обязательно отправьте это сообщение и дождитесь ответа. Ваш номер: 102272"}
############

############
Visit extracted:
2024-11-27 12:50:50
102272
############

############
New task from Planfix
2024-11-27 12:52:44
Array
(
    [id] => 139573
    [desc] => Обязательно отправьте это сообщение и дождитесь ответа. Ваш номер: 102272
)

############

############
New task from Planfix
2024-11-27 12:52:44
{"id":139573,"desc":"Обязательно отправьте это сообщение и дождитесь ответа. Ваш номер: 102272"}
############

############
New task from Planfix
2024-11-27 12:52:44
Array
(
    [{"id":139573,"desc":"Обязательно_отправьте_это_сообщение_и_дождитесь_ответа__Ваш_номер:_102272"}] => 
)

############

############
New task from Planfix
2024-11-27 12:52:44
{"id":139573,"desc":"Обязательно отправьте это сообщение и дождитесь ответа. Ваш номер: 102272"}
############

############
Visit extracted:
2024-11-27 12:52:44
102272
############

############
New task from Planfix
2024-11-27 13:40:15
Array
(
    [id] => 139596
    [desc] => Добрый день это жена Жени завтра сделаю новую почту и сразу вам отправлю
)

############

############
New task from Planfix
2024-11-27 13:40:15
{"id":139596,"desc":"Добрый день это жена Жени завтра сделаю новую почту и сразу вам отправлю"}
############

############
New task from Planfix
2024-11-27 13:40:15
Array
(
    [{"id":139596,"desc":"Добрый_день_это_жена_Жени_завтра_сделаю_новую_почту_и_сразу_вам_отправлю"}] => 
)

############

############
New task from Planfix
2024-11-27 13:40:15
{"id":139596,"desc":"Добрый день это жена Жени завтра сделаю новую почту и сразу вам отправлю"}
############

############
New task from Planfix
2024-11-27 14:52:44
Array
(
    [id] => 139616
    [desc] => 
)

############

############
New task from Planfix
2024-11-27 14:52:44
{"id":139616,"desc":""}
############

############
New task from Planfix
2024-11-27 14:52:44
Array
(
    [{"id":139616,"desc":""}] => 
)

############

############
New task from Planfix
2024-11-27 14:52:44
{"id":139616,"desc":""}
############

