2024-04-16 14:46:10 [127.0.0.1][-][-][error][yii\web\HttpException:404] yii\base\InvalidRouteException: Unable to resolve the request "". in C:\OSPanel\domains\exam2.ru\vendor\yiisoft\yii2\base\Module.php:561
Stack trace:
#0 C:\OSPanel\domains\exam2.ru\vendor\yiisoft\yii2\web\Application.php(103): yii\base\Module->runAction()
#1 C:\OSPanel\domains\exam2.ru\vendor\yiisoft\yii2\base\Application.php(384): yii\web\Application->handleRequest()
#2 C:\OSPanel\domains\exam2.ru\web\index.php(12): yii\base\Application->run()
#3 {main}

Next yii\web\NotFoundHttpException: Page not found. in C:\OSPanel\domains\exam2.ru\vendor\yiisoft\yii2\web\Application.php:115
Stack trace:
#0 C:\OSPanel\domains\exam2.ru\vendor\yiisoft\yii2\base\Application.php(384): yii\web\Application->handleRequest()
#1 C:\OSPanel\domains\exam2.ru\web\index.php(12): yii\base\Application->run()
#2 {main}
2024-04-16 14:46:10 [127.0.0.1][-][-][info][application] $_GET = []

$_POST = []

$_FILES = []

$_COOKIE = [
    '_csrf' => '2d4f0d2926b30aea54c25ff6df458045ec797a951e7e6b0f44b90a48e29ef209a:2:{i:0;s:5:\"_csrf\";i:1;s:32:\"Qg1VcmXFyE1BKuux3QNfGVwxKd0YvWbC\";}'
    'PHPSESSID' => '8a4mp5j38r4sf5riq6rmbv9do2rf65uo'
]

$_SESSION = [
    '__flash' => []
]

$_SERVER = [
    'HTTP_HOST' => 'exam2.ru'
    'HTTP_X_FORWARDED_PROTO' => 'http'
    'HTTP_X_REAL_IP' => '127.0.0.1'
    'HTTP_CACHE_CONTROL' => 'max-age=0'
    'HTTP_UPGRADE_INSECURE_REQUESTS' => '1'
    'HTTP_USER_AGENT' => 'Mozilla/5.0 (Windows NT 10.0; Win64; x64) AppleWebKit/537.36 (KHTML, like Gecko) Chrome/122.0.0.0 Safari/537.36 OPR/108.0.0.0'
    'HTTP_ACCEPT' => 'text/html,application/xhtml+xml,application/xml;q=0.9,image/avif,image/webp,image/apng,*/*;q=0.8,application/signed-exchange;v=b3;q=0.7'
    'HTTP_ACCEPT_ENCODING' => 'gzip, deflate'
    'HTTP_ACCEPT_LANGUAGE' => 'ru-RU,ru;q=0.9,en-US;q=0.8,en;q=0.7'
    'HTTP_COOKIE' => '_csrf=2d4f0d2926b30aea54c25ff6df458045ec797a951e7e6b0f44b90a48e29ef209a%3A2%3A%7Bi%3A0%3Bs%3A5%3A%22_csrf%22%3Bi%3A1%3Bs%3A32%3A%22Qg1VcmXFyE1BKuux3QNfGVwxKd0YvWbC%22%3B%7D; PHPSESSID=8a4mp5j38r4sf5riq6rmbv9do2rf65uo'
    'PATH' => 'c:\\ospanel\\modules\\php\\PHP_8.1\\ext;c:\\ospanel\\modules\\php\\PHP_8.1\\pear;c:\\ospanel\\modules\\php\\PHP_8.1\\pear\\bin;c:\\ospanel\\modules\\php\\PHP_8.1;c:\\ospanel\\modules\\wget\\bin;c:\\ospanel\\modules\\database\\MySQL-8.0-Win10\\bin;c:\\ospanel\\modules\\http\\Apache_2.4-PHP_8.0-8.1+Nginx_1.23\\bin;c:\\ospanel\\modules\\http\\Apache_2.4-PHP_8.0-8.1+Nginx_1.23;C:\\Windows\\system32;C:\\Windows;C:\\Windows\\system32\\Wbem;C:\\Windows\\SysWOW64'
    'SystemRoot' => 'C:\\Windows'
    'COMSPEC' => 'C:\\Windows\\system32\\cmd.exe'
    'PATHEXT' => '.COM;.EXE;.BAT;.CMD;.VBS;.VBE;.JS;.JSE;.WSF;.WSH;.MSC'
    'WINDIR' => 'C:\\Windows'
    'SERVER_SIGNATURE' => ''
    'SERVER_SOFTWARE' => 'Apache'
    'SERVER_NAME' => 'exam2.ru'
    'SERVER_ADDR' => '127.0.0.1'
    'SERVER_PORT' => '80'
    'REMOTE_ADDR' => '127.0.0.1'
    'DOCUMENT_ROOT' => 'C:/OSPanel/domains/exam2.ru'
    'REQUEST_SCHEME' => 'http'
    'CONTEXT_PREFIX' => ''
    'CONTEXT_DOCUMENT_ROOT' => 'C:/OSPanel/domains/exam2.ru'
    'SERVER_ADMIN' => '[no address given]'
    'SCRIPT_FILENAME' => 'C:/OSPanel/domains/exam2.ru/web/index.php'
    'REMOTE_PORT' => '51514'
    'GATEWAY_INTERFACE' => 'CGI/1.1'
    'SERVER_PROTOCOL' => 'HTTP/1.1'
    'REQUEST_METHOD' => 'GET'
    'QUERY_STRING' => ''
    'REQUEST_URI' => '/web/'
    'SCRIPT_NAME' => '/web/index.php'
    'PHP_SELF' => '/web/index.php'
    'REQUEST_TIME_FLOAT' => 1713267970.7796
    'REQUEST_TIME' => 1713267970
]